#
# There is insufficient memory for the Java Runtime Environment to continue.
# Native memory allocation (malloc) failed to allocate 32784 bytes for Chunk::new
# Possible reasons:
#   The system is out of physical RAM or swap space
#   In 32 bit mode, the process size limit was hit
# Possible solutions:
#   Reduce memory load on the system
#   Increase physical memory or swap space
#   Check if swap backing store is full
#   Use 64 bit Java on a 64 bit OS
#   Decrease Java heap size (-Xmx/-Xms)
#   Decrease number of Java threads
#   Decrease Java thread stack sizes (-Xss)
#   Set larger code cache with -XX:ReservedCodeCacheSize=
# This output file may be truncated or incomplete.
#
#  Out of Memory Error (allocation.cpp:388), pid=5940, tid=292
#
# JRE version: Java(TM) SE Runtime Environment (8.0_05-b13) (build 1.8.0_05-b13)
# Java VM: Java HotSpot(TM) 64-Bit Server VM (25.5-b02 mixed mode windows-amd64 compressed oops)
# Failed to write core dump. Minidumps are not enabled by default on client versions of Windows
#

---------------  T H R E A D  ---------------

Current thread (0x0000000055fea000):  JavaThread "C2 CompilerThread1" daemon [_thread_in_native, id=292, stack(0x0000000056940000,0x0000000056a40000)]

Stack: [0x0000000056940000,0x0000000056a40000]
Native frames: (J=compiled Java code, j=interpreted, Vv=VM code, C=native code)
V  [jvm.dll+0x308dea]


Current CompileTask:
C2:2500892 12782       4       org.codehaus.groovy.control.ResolveVisitor::visitAnnotations (270 bytes)


---------------  P R O C E S S  ---------------

Java Threads: ( => current thread )
  0x000000005b276800 JavaThread "http-bio-8080-exec-10" daemon [_thread_blocked, id=5924, stack(0x00000000626e0000,0x00000000627e0000)]
  0x000000005b275800 JavaThread "http-bio-8080-exec-9" daemon [_thread_blocked, id=5196, stack(0x0000000062370000,0x0000000062470000)]
  0x000000005b274800 JavaThread "http-bio-8080-exec-8" daemon [_thread_in_native, id=3968, stack(0x00000000624d0000,0x00000000625d0000)]
  0x000000005b274000 JavaThread "http-bio-8080-exec-7" daemon [_thread_blocked, id=3812, stack(0x000000005a830000,0x000000005a930000)]
  0x000000005b273000 JavaThread "http-bio-8080-exec-6" daemon [_thread_in_native, id=2864, stack(0x000000005a0f0000,0x000000005a1f0000)]
  0x000000005b272800 JavaThread "http-bio-8080-exec-5" daemon [_thread_blocked, id=4980, stack(0x000000005aae0000,0x000000005abe0000)]
  0x000000005ce6c800 JavaThread "http-bio-8080-exec-4" daemon [_thread_in_native, id=5296, stack(0x0000000061aa0000,0x0000000061ba0000)]
  0x000000005ce6b800 JavaThread "Thread-14" daemon [_thread_in_native, id=5820, stack(0x0000000061ea0000,0x0000000061fa0000)]
  0x000000005ce69800 JavaThread "http-bio-8080-exec-3" daemon [_thread_in_native, id=5156, stack(0x0000000061210000,0x0000000061310000)]
  0x000000005ce68800 JavaThread "DestroyJavaVM" [_thread_blocked, id=5188, stack(0x0000000002650000,0x0000000002750000)]
  0x000000005ce68000 JavaThread "Thread-12" [_thread_in_vm, id=2624, stack(0x0000000061d00000,0x0000000061e00000)]
  0x000000005ce67000 JavaThread "http-bio-8080-exec-2" daemon [_thread_in_native, id=5016, stack(0x00000000615a0000,0x00000000616a0000)]
  0x000000005ce66800 JavaThread "http-bio-8080-exec-1" daemon [_thread_in_native, id=1836, stack(0x0000000061bb0000,0x0000000061cb0000)]
  0x000000005ce65800 JavaThread "http-bio-8080-AsyncTimeout" daemon [_thread_blocked, id=4004, stack(0x0000000061980000,0x0000000061a80000)]
  0x000000005916c000 JavaThread "http-bio-8080-Acceptor-0" daemon [_thread_in_native, id=5828, stack(0x0000000061830000,0x0000000061930000)]
  0x000000005916d800 JavaThread "ContainerBackgroundProcessor[StandardEngine[Tomcat]]" daemon [_thread_blocked, id=6084, stack(0x00000000616a0000,0x00000000617a0000)]
  0x0000000059169000 JavaThread "Statistics Thread-__DEFAULT__-1" daemon [_thread_blocked, id=1860, stack(0x0000000060440000,0x0000000060540000)]
  0x0000000059168000 JavaThread "fr%002embds%002etpgrails%002e%0052ole.data" [_thread_blocked, id=5164, stack(0x000000005cb40000,0x000000005cc40000)]
  0x0000000059166800 JavaThread "__DEFAULT__" daemon [_thread_blocked, id=6096, stack(0x000000005c3c0000,0x000000005c4c0000)]
  0x0000000059163800 JavaThread "Abandoned connection cleanup thread" daemon [_thread_blocked, id=4036, stack(0x000000005e800000,0x000000005e900000)]
  0x0000000059163000 JavaThread "Tomcat JDBC Pool Cleaner[1548081008:1478786771374]" daemon [_thread_blocked, id=5652, stack(0x000000005e700000,0x000000005e800000)]
  0x0000000057e42800 JavaThread "FileSystemWatcher: files=#234 cl=groovy.lang.GroovyClassLoader@5c45d770" daemon [_thread_blocked, id=2800, stack(0x000000005a9a0000,0x000000005aaa0000)]
  0x00000000572a6000 JavaThread "Thread-3" [_thread_in_native, id=228, stack(0x000000005a4f0000,0x000000005a5f0000)]
  0x00000000572db000 JavaThread "Thread-2" [_thread_blocked, id=5124, stack(0x0000000058c10000,0x0000000058d10000)]
  0x000000005707f000 JavaThread "NonBlockingInputStreamThread" daemon [_thread_blocked, id=4188, stack(0x00000000578b0000,0x00000000579b0000)]
  0x00000000560c6000 JavaThread "Service Thread" daemon [_thread_blocked, id=4684, stack(0x0000000056bb0000,0x0000000056cb0000)]
  0x0000000055feb000 JavaThread "C1 CompilerThread2" daemon [_thread_blocked, id=3784, stack(0x0000000056a40000,0x0000000056b40000)]
=>0x0000000055fea000 JavaThread "C2 CompilerThread1" daemon [_thread_in_native, id=292, stack(0x0000000056940000,0x0000000056a40000)]
  0x0000000055ff1000 JavaThread "C2 CompilerThread0" daemon [_thread_in_native, id=2860, stack(0x0000000056830000,0x0000000056930000)]
  0x0000000055f05800 JavaThread "Attach Listener" daemon [_thread_blocked, id=4812, stack(0x00000000565e0000,0x00000000566e0000)]
  0x0000000054a05800 JavaThread "Signal Dispatcher" daemon [_thread_blocked, id=5340, stack(0x00000000563f0000,0x00000000564f0000)]
  0x00000000549a6800 JavaThread "Finalizer" daemon [_thread_blocked, id=3168, stack(0x0000000055e00000,0x0000000055f00000)]
  0x000000005499b800 JavaThread "Reference Handler" daemon [_thread_blocked, id=4472, stack(0x0000000055cc0000,0x0000000055dc0000)]

Other Threads:
  0x0000000054998000 VMThread [stack: 0x0000000055a80000,0x0000000055b80000] [id=4140]
  0x00000000560f9000 WatcherThread [stack: 0x00000000566f0000,0x00000000567f0000] [id=1324]

VM state:not at safepoint (normal execution)

VM Mutex/Monitor currently owned by a thread: None

Heap:
 PSYoungGen      total 200192K, used 133657K [0x00000000f0000000, 0x00000000fec00000, 0x0000000100000000)
  eden space 162816K, 69% used [0x00000000f0000000,0x00000000f6eaf678,0x00000000f9f00000)
  from space 37376K, 54% used [0x00000000fc780000,0x00000000fdb58000,0x00000000fec00000)
  to   space 39424K, 0% used [0x00000000f9f00000,0x00000000f9f00000,0x00000000fc580000)
 ParOldGen       total 160768K, used 147534K [0x00000000d0000000, 0x00000000d9d00000, 0x00000000f0000000)
  object space 160768K, 91% used [0x00000000d0000000,0x00000000d90139a0,0x00000000d9d00000)
 Metaspace       used 81090K, capacity 86198K, committed 86272K, reserved 1124352K
  class space    used 9827K, capacity 11212K, committed 11264K, reserved 1048576K

Card table byte_map: [0x0000000002a20000,0x0000000002bb0000] byte_map_base: 0x00000000023a0000

Marking Bits: (ParMarkBitMap*) 0x000000006e6d13b0
 Begin Bits: [0x0000000012810000, 0x0000000013410000)
 End Bits:   [0x0000000013410000, 0x0000000014010000)

Polling page: 0x00000000001c0000

CodeCache: size=245760Kb used=44225Kb max_used=44225Kb free=201534Kb
 bounds [0x0000000002bd0000, 0x0000000005730000, 0x0000000011bd0000]
 total_blobs=11357 nmethods=10526 adapters=741
 compilation: enabled

Compilation events (10 events):
Event: 2499.859 Thread 0x0000000055feb000 12780       3       org.apache.tomcat.util.net.SocketWrapper::access (6 bytes)
Event: 2499.859 Thread 0x0000000055feb000 nmethod 12780 0x000000000570ff10 code [0x0000000005710060, 0x00000000057101d0]
Event: 2499.911 Thread 0x0000000055feb000 12781       3       org.codehaus.groovy.ast.PropertyNode::getName (8 bytes)
Event: 2499.912 Thread 0x0000000055fea000 12782       4       org.codehaus.groovy.control.ResolveVisitor::visitAnnotations (270 bytes)
Event: 2499.918 Thread 0x0000000055feb000 nmethod 12781 0x0000000005711a90 code [0x0000000005711be0, 0x0000000005711d70]
Event: 2499.918 Thread 0x0000000055feb000 12784       3       org.codehaus.groovy.control.ResolveVisitor::resolveFromModule (538 bytes)
Event: 2499.933 Thread 0x0000000055feb000 nmethod 12784 0x000000000571ff50 code [0x0000000005720600, 0x0000000005724588]
Event: 2499.933 Thread 0x0000000055feb000 12785       3       org.codehaus.groovy.control.StaticImportVisitor::transform (286 bytes)
Event: 2499.936 Thread 0x0000000055feb000 nmethod 12785 0x0000000005726850 code [0x0000000005726ba0, 0x0000000005728bb8]
Event: 2499.936 Thread 0x0000000055feb000 12790       3       org.codehaus.groovy.control.CompilationUnit::doPhaseOperation (45 bytes)

GC Heap History (10 events):
Event: 2334.584 GC heap before
{Heap before GC invocations=96 (full 10):
 PSYoungGen      total 200192K, used 166368K [0x00000000f0000000, 0x00000000ff500000, 0x0000000100000000)
  eden space 148992K, 100% used [0x00000000f0000000,0x00000000f9180000,0x00000000f9180000)
  from space 51200K, 33% used [0x00000000f9180000,0x00000000fa278000,0x00000000fc380000)
  to   space 49152K, 0% used [0x00000000fc500000,0x00000000fc500000,0x00000000ff500000)
 ParOldGen       total 160768K, used 143622K [0x00000000d0000000, 0x00000000d9d00000, 0x00000000f0000000)
  object space 160768K, 89% used [0x00000000d0000000,0x00000000d8c41980,0x00000000d9d00000)
 Metaspace       used 79863K, capacity 84732K, committed 84992K, reserved 1124352K
  class space    used 9629K, capacity 10935K, committed 11008K, reserved 1048576K
Event: 2334.625 GC heap after
Heap after GC invocations=96 (full 10):
 PSYoungGen      total 198656K, used 18432K [0x00000000f0000000, 0x00000000ff100000, 0x0000000100000000)
  eden space 153600K, 0% used [0x00000000f0000000,0x00000000f0000000,0x00000000f9600000)
  from space 45056K, 40% used [0x00000000fc500000,0x00000000fd700000,0x00000000ff100000)
  to   space 46592K, 0% used [0x00000000f9600000,0x00000000f9600000,0x00000000fc380000)
 ParOldGen       total 160768K, used 143930K [0x00000000d0000000, 0x00000000d9d00000, 0x00000000f0000000)
  object space 160768K, 89% used [0x00000000d0000000,0x00000000d8c8e990,0x00000000d9d00000)
 Metaspace       used 79863K, capacity 84732K, committed 84992K, reserved 1124352K
  class space    used 9629K, capacity 10935K, committed 11008K, reserved 1048576K
}
Event: 2336.253 GC heap before
{Heap before GC invocations=97 (full 10):
 PSYoungGen      total 198656K, used 172032K [0x00000000f0000000, 0x00000000ff100000, 0x0000000100000000)
  eden space 153600K, 100% used [0x00000000f0000000,0x00000000f9600000,0x00000000f9600000)
  from space 45056K, 40% used [0x00000000fc500000,0x00000000fd700000,0x00000000ff100000)
  to   space 46592K, 0% used [0x00000000f9600000,0x00000000f9600000,0x00000000fc380000)
 ParOldGen       total 160768K, used 143930K [0x00000000d0000000, 0x00000000d9d00000, 0x00000000f0000000)
  object space 160768K, 89% used [0x00000000d0000000,0x00000000d8c8e990,0x00000000d9d00000)
 Metaspace       used 80026K, capacity 84978K, committed 84992K, reserved 1124352K
  class space    used 9668K, capacity 11003K, committed 11008K, reserved 1048576K
Event: 2336.298 GC heap after
Heap after GC invocations=97 (full 10):
 PSYoungGen      total 200192K, used 17088K [0x00000000f0000000, 0x00000000ff380000, 0x0000000100000000)
  eden space 153600K, 0% used [0x00000000f0000000,0x00000000f0000000,0x00000000f9600000)
  from space 46592K, 36% used [0x00000000f9600000,0x00000000fa6b0000,0x00000000fc380000)
  to   space 45056K, 0% used [0x00000000fc780000,0x00000000fc780000,0x00000000ff380000)
 ParOldGen       total 160768K, used 146290K [0x00000000d0000000, 0x00000000d9d00000, 0x00000000f0000000)
  object space 160768K, 90% used [0x00000000d0000000,0x00000000d8edc990,0x00000000d9d00000)
 Metaspace       used 80026K, capacity 84978K, committed 84992K, reserved 1124352K
  class space    used 9668K, capacity 11003K, committed 11008K, reserved 1048576K
}
Event: 2350.795 GC heap before
{Heap before GC invocations=98 (full 10):
 PSYoungGen      total 200192K, used 170688K [0x00000000f0000000, 0x00000000ff380000, 0x0000000100000000)
  eden space 153600K, 100% used [0x00000000f0000000,0x00000000f9600000,0x00000000f9600000)
  from space 46592K, 36% used [0x00000000f9600000,0x00000000fa6b0000,0x00000000fc380000)
  to   space 45056K, 0% used [0x00000000fc780000,0x00000000fc780000,0x00000000ff380000)
 ParOldGen       total 160768K, used 146290K [0x00000000d0000000, 0x00000000d9d00000, 0x00000000f0000000)
  object space 160768K, 90% used [0x00000000d0000000,0x00000000d8edc990,0x00000000d9d00000)
 Metaspace       used 80277K, capacity 85310K, committed 85376K, reserved 1124352K
  class space    used 9718K, capacity 11075K, committed 11136K, reserved 1048576K
Event: 2350.852 GC heap after
Heap after GC invocations=98 (full 10):
 PSYoungGen      total 200192K, used 16480K [0x00000000f0000000, 0x00000000ff000000, 0x0000000100000000)
  eden space 158720K, 0% used [0x00000000f0000000,0x00000000f0000000,0x00000000f9b00000)
  from space 41472K, 39% used [0x00000000fc780000,0x00000000fd798000,0x00000000ff000000)
  to   space 43520K, 0% used [0x00000000f9b00000,0x00000000f9b00000,0x00000000fc580000)
 ParOldGen       total 160768K, used 147326K [0x00000000d0000000, 0x00000000d9d00000, 0x00000000f0000000)
  object space 160768K, 91% used [0x00000000d0000000,0x00000000d8fdf9a0,0x00000000d9d00000)
 Metaspace       used 80277K, capacity 85310K, committed 85376K, reserved 1124352K
  class space    used 9718K, capacity 11075K, committed 11136K, reserved 1048576K
}
Event: 2411.990 GC heap before
{Heap before GC invocations=99 (full 10):
 PSYoungGen      total 200192K, used 175200K [0x00000000f0000000, 0x00000000ff000000, 0x0000000100000000)
  eden space 158720K, 100% used [0x00000000f0000000,0x00000000f9b00000,0x00000000f9b00000)
  from space 41472K, 39% used [0x00000000fc780000,0x00000000fd798000,0x00000000ff000000)
  to   space 43520K, 0% used [0x00000000f9b00000,0x00000000f9b00000,0x00000000fc580000)
 ParOldGen       total 160768K, used 147326K [0x00000000d0000000, 0x00000000d9d00000, 0x00000000f0000000)
  object space 160768K, 91% used [0x00000000d0000000,0x00000000d8fdf9a0,0x00000000d9d00000)
 Metaspace       used 80367K, capacity 85384K, committed 85632K, reserved 1124352K
  class space    used 9720K, capacity 11077K, committed 11136K, reserved 1048576K
Event: 2412.050 GC heap after
Heap after GC invocations=99 (full 10):
 PSYoungGen      total 202240K, used 18656K [0x00000000f0000000, 0x00000000ff000000, 0x0000000100000000)
  eden space 158720K, 0% used [0x00000000f0000000,0x00000000f0000000,0x00000000f9b00000)
  from space 43520K, 42% used [0x00000000f9b00000,0x00000000fad38000,0x00000000fc580000)
  to   space 41472K, 0% used [0x00000000fc780000,0x00000000fc780000,0x00000000ff000000)
 ParOldGen       total 160768K, used 147414K [0x00000000d0000000, 0x00000000d9d00000, 0x00000000f0000000)
  object space 160768K, 91% used [0x00000000d0000000,0x00000000d8ff59a0,0x00000000d9d00000)
 Metaspace       used 80367K, capacity 85384K, committed 85632K, reserved 1124352K
  class space    used 9720K, capacity 11077K, committed 11136K, reserved 1048576K
}
Event: 2423.483 GC heap before
{Heap before GC invocations=100 (full 10):
 PSYoungGen      total 202240K, used 177376K [0x00000000f0000000, 0x00000000ff000000, 0x0000000100000000)
  eden space 158720K, 100% used [0x00000000f0000000,0x00000000f9b00000,0x00000000f9b00000)
  from space 43520K, 42% used [0x00000000f9b00000,0x00000000fad38000,0x00000000fc580000)
  to   space 41472K, 0% used [0x00000000fc780000,0x00000000fc780000,0x00000000ff000000)
 ParOldGen       total 160768K, used 147414K [0x00000000d0000000, 0x00000000d9d00000, 0x00000000f0000000)
  object space 160768K, 91% used [0x00000000d0000000,0x00000000d8ff59a0,0x00000000d9d00000)
 Metaspace       used 80610K, capacity 85704K, committed 86016K, reserved 1124352K
  class space    used 9772K, capacity 11156K, committed 11264K, reserved 1048576K
Event: 2423.590 GC heap after
Heap after GC invocations=100 (full 10):
 PSYoungGen      total 200192K, used 20320K [0x00000000f0000000, 0x00000000fec00000, 0x0000000100000000)
  eden space 162816K, 0% used [0x00000000f0000000,0x00000000f0000000,0x00000000f9f00000)
  from space 37376K, 54% used [0x00000000fc780000,0x00000000fdb58000,0x00000000fec00000)
  to   space 39424K, 0% used [0x00000000f9f00000,0x00000000f9f00000,0x00000000fc580000)
 ParOldGen       total 160768K, used 147534K [0x00000000d0000000, 0x00000000d9d00000, 0x00000000f0000000)
  object space 160768K, 91% used [0x00000000d0000000,0x00000000d90139a0,0x00000000d9d00000)
 Metaspace       used 80610K, capacity 85704K, committed 86016K, reserved 1124352K
  class space    used 9772K, capacity 11156K, committed 11264K, reserved 1048576K
}

Deoptimization events (10 events):
Event: 2499.431 Thread 0x000000005ce68000 Uncommon trap: reason=class_check action=maybe_recompile pc=0x0000000004791c58 method=org.codehaus.groovy.control.ResolveVisitor.visitAnnotations(Lorg/codehaus/groovy/ast/AnnotatedNode;)V @ 129
Event: 2499.454 Thread 0x000000005ce68000 Uncommon trap: reason=unreached action=reinterpret pc=0x0000000003308608 method=org.codehaus.groovy.control.ResolveVisitor$ConstructedClassWithPackage.getName()Ljava/lang/String; @ 5
Event: 2499.454 Thread 0x000000005ce68000 Uncommon trap: reason=class_check action=maybe_recompile pc=0x0000000004791c58 method=org.codehaus.groovy.control.ResolveVisitor.visitAnnotations(Lorg/codehaus/groovy/ast/AnnotatedNode;)V @ 129
Event: 2499.454 Thread 0x000000005ce68000 Uncommon trap: reason=class_check action=maybe_recompile pc=0x0000000004791c58 method=org.codehaus.groovy.control.ResolveVisitor.visitAnnotations(Lorg/codehaus/groovy/ast/AnnotatedNode;)V @ 129
Event: 2499.454 Thread 0x000000005ce68000 Uncommon trap: reason=class_check action=maybe_recompile pc=0x0000000004791c58 method=org.codehaus.groovy.control.ResolveVisitor.visitAnnotations(Lorg/codehaus/groovy/ast/AnnotatedNode;)V @ 129
Event: 2499.913 Thread 0x000000005ce68000 Uncommon trap: reason=class_check action=maybe_recompile pc=0x000000000534e53c method=org.codehaus.groovy.ast.ClassCodeExpressionTransformer.visitAnnotations(Lorg/codehaus/groovy/ast/AnnotatedNode;)V @ 6
Event: 2499.914 Thread 0x000000005ce68000 Uncommon trap: reason=unreached action=reinterpret pc=0x0000000004e6e91c method=org.codehaus.groovy.control.StaticImportVisitor.transform(Lorg/codehaus/groovy/ast/expr/Expression;)Lorg/codehaus/groovy/ast/expr/Expression; @ 1
Event: 2499.914 Thread 0x000000005ce68000 Uncommon trap: reason=class_check action=maybe_recompile pc=0x000000000534e53c method=org.codehaus.groovy.ast.ClassCodeExpressionTransformer.visitAnnotations(Lorg/codehaus/groovy/ast/AnnotatedNode;)V @ 6
Event: 2499.917 Thread 0x000000005ce68000 Uncommon trap: reason=class_check action=maybe_recompile pc=0x000000000534e53c method=org.codehaus.groovy.ast.ClassCodeExpressionTransformer.visitAnnotations(Lorg/codehaus/groovy/ast/AnnotatedNode;)V @ 6
Event: 2499.917 Thread 0x000000005ce68000 Uncommon trap: reason=class_check action=maybe_recompile pc=0x000000000534e53c method=org.codehaus.groovy.ast.ClassCodeExpressionTransformer.visitAnnotations(Lorg/codehaus/groovy/ast/AnnotatedNode;)V @ 6

Internal exceptions (10 events):
Event: 2499.908 Thread 0x000000005ce68000 Exception <a 'java/security/PrivilegedActionException'> (0x00000000f6d78cb0) thrown at [D:\re\workspace\8-2-build-windows-amd64-cygwin\jdk8u5\2488\hotspot\src\share\vm\prims\jvm.cpp, line 1248]
Event: 2499.909 Thread 0x000000005ce68000 Exception <a 'java/security/PrivilegedActionException'> (0x00000000f6d7c838) thrown at [D:\re\workspace\8-2-build-windows-amd64-cygwin\jdk8u5\2488\hotspot\src\share\vm\prims\jvm.cpp, line 1248]
Event: 2499.909 Thread 0x000000005ce68000 Exception <a 'java/security/PrivilegedActionException'> (0x00000000f6d8a9d0) thrown at [D:\re\workspace\8-2-build-windows-amd64-cygwin\jdk8u5\2488\hotspot\src\share\vm\prims\jvm.cpp, line 1248]
Event: 2499.910 Thread 0x000000005ce68000 Exception <a 'java/security/PrivilegedActionException'> (0x00000000f6dac948) thrown at [D:\re\workspace\8-2-build-windows-amd64-cygwin\jdk8u5\2488\hotspot\src\share\vm\prims\jvm.cpp, line 1248]
Event: 2499.914 Thread 0x000000005ce68000 Implicit null exception at 0x0000000004e6d444 to 0x0000000004e6e905
Event: 2499.928 Thread 0x000000005ce68000 Exception <a 'java/security/PrivilegedActionException'> (0x00000000f6e30468) thrown at [D:\re\workspace\8-2-build-windows-amd64-cygwin\jdk8u5\2488\hotspot\src\share\vm\prims\jvm.cpp, line 1248]
Event: 2499.928 Thread 0x000000005ce68000 Exception <a 'java/security/PrivilegedActionException'> (0x00000000f6e34b78) thrown at [D:\re\workspace\8-2-build-windows-amd64-cygwin\jdk8u5\2488\hotspot\src\share\vm\prims\jvm.cpp, line 1248]
Event: 2499.935 Thread 0x000000005ce68000 Exception <a 'java/security/PrivilegedActionException'> (0x00000000f6e5afe0) thrown at [D:\re\workspace\8-2-build-windows-amd64-cygwin\jdk8u5\2488\hotspot\src\share\vm\prims\jvm.cpp, line 1248]
Event: 2499.936 Thread 0x000000005ce68000 Exception <a 'java/security/PrivilegedActionException'> (0x00000000f6e5e068) thrown at [D:\re\workspace\8-2-build-windows-amd64-cygwin\jdk8u5\2488\hotspot\src\share\vm\prims\jvm.cpp, line 1248]
Event: 2499.936 Thread 0x000000005ce68000 Exception <a 'java/security/PrivilegedActionException'> (0x00000000f6e61220) thrown at [D:\re\workspace\8-2-build-windows-amd64-cygwin\jdk8u5\2488\hotspot\src\share\vm\prims\jvm.cpp, line 1248]

Events (10 events):
Event: 2499.917 Thread 0x000000005ce68000 DEOPT UNPACKING pc=0x0000000002c155af sp=0x0000000061dfb6d0 mode 2
Event: 2499.917 Thread 0x000000005ce68000 Uncommon trap: trap_request=0xffffffde fr.pc=0x000000000534e53c
Event: 2499.917 Thread 0x000000005ce68000 DEOPT PACKING pc=0x000000000534e53c sp=0x0000000061dfb760
Event: 2499.917 Thread 0x000000005ce68000 DEOPT UNPACKING pc=0x0000000002c155af sp=0x0000000061dfb6d0 mode 2
Event: 2499.927 loading class org/codehaus/groovy/grails/transaction/transform/TransactionalTransform
Event: 2499.927 loading class org/codehaus/groovy/grails/transaction/transform/TransactionalTransform done
Event: 2499.935 loading class groovy/transform/TypeChecked
Event: 2499.935 loading class groovy/transform/TypeChecked done
Event: 2499.936 loading class grails/transaction/NotTransactional
Event: 2499.936 loading class grails/transaction/NotTransactional done


Dynamic libraries:
0x000000013fe90000 - 0x000000013fec4000 	C:\Program Files\Java\jdk1.8.0_05\bin\java.exe
0x00000000771d0000 - 0x000000007737a000 	C:\Windows\SYSTEM32\ntdll.dll
0x0000000076fb0000 - 0x00000000770cf000 	C:\Windows\system32\kernel32.dll
0x000007fefd170000 - 0x000007fefd1da000 	C:\Windows\system32\KERNELBASE.dll
0x000007fefdac0000 - 0x000007fefdb9b000 	C:\Windows\system32\ADVAPI32.dll
0x000007fefdfb0000 - 0x000007fefe04f000 	C:\Windows\system32\msvcrt.dll
0x000007fefdf90000 - 0x000007fefdfaf000 	C:\Windows\SYSTEM32\sechost.dll
0x000007fefd630000 - 0x000007fefd75d000 	C:\Windows\system32\RPCRT4.dll
0x00000000770d0000 - 0x00000000771ca000 	C:\Windows\system32\USER32.dll
0x000007fefe160000 - 0x000007fefe1c7000 	C:\Windows\system32\GDI32.dll
0x000007fefde80000 - 0x000007fefde8e000 	C:\Windows\system32\LPK.dll
0x000007fefd760000 - 0x000007fefd82a000 	C:\Windows\system32\USP10.dll
0x000007fefbae0000 - 0x000007fefbcd4000 	C:\Windows\WinSxS\amd64_microsoft.windows.common-controls_6595b64144ccf1df_6.0.7601.18837_none_fa3b1e3d17594757\COMCTL32.dll
0x000007fefda40000 - 0x000007fefdab1000 	C:\Windows\system32\SHLWAPI.dll
0x000007fefd600000 - 0x000007fefd62e000 	C:\Windows\system32\IMM32.DLL
0x000007fefe050000 - 0x000007fefe159000 	C:\Windows\system32\MSCTF.dll
0x000000006fba0000 - 0x000000006fc72000 	C:\Program Files\Java\jdk1.8.0_05\jre\bin\msvcr100.dll
0x000000006df20000 - 0x000000006e74a000 	C:\Program Files\Java\jdk1.8.0_05\jre\bin\server\jvm.dll
0x000007fef8d10000 - 0x000007fef8d19000 	C:\Windows\system32\WSOCK32.dll
0x000007fefd5b0000 - 0x000007fefd5fd000 	C:\Windows\system32\WS2_32.dll
0x000007fefe1f0000 - 0x000007fefe1f8000 	C:\Windows\system32\NSI.dll
0x000007fefb000000 - 0x000007fefb03b000 	C:\Windows\system32\WINMM.dll
0x0000000077390000 - 0x0000000077397000 	C:\Windows\system32\PSAPI.DLL
0x00000000749a0000 - 0x00000000749af000 	C:\Program Files\Java\jdk1.8.0_05\jre\bin\verify.dll
0x000000006fd30000 - 0x000000006fd58000 	C:\Program Files\Java\jdk1.8.0_05\jre\bin\java.dll
0x000000006fd00000 - 0x000000006fd23000 	C:\Program Files\Java\jdk1.8.0_05\jre\bin\instrument.dll
0x0000000074950000 - 0x0000000074966000 	C:\Program Files\Java\jdk1.8.0_05\jre\bin\zip.dll
0x000007fefe750000 - 0x000007feff4da000 	C:\Windows\system32\SHELL32.dll
0x000007fefd830000 - 0x000007fefda33000 	C:\Windows\system32\ole32.dll
0x000007fefcf10000 - 0x000007fefcf1f000 	C:\Windows\system32\profapi.dll
0x000007fefc700000 - 0x000007fefc718000 	C:\Windows\system32\CRYPTSP.dll
0x000007fefc400000 - 0x000007fefc447000 	C:\Windows\system32\rsaenh.dll
0x000007fefd1e0000 - 0x000007fefd1fe000 	C:\Windows\system32\USERENV.dll
0x000007fefcd60000 - 0x000007fefcd6f000 	C:\Windows\system32\CRYPTBASE.dll
0x000000006fce0000 - 0x000000006fcfa000 	C:\Program Files\Java\jdk1.8.0_05\jre\bin\net.dll
0x000007fefc6a0000 - 0x000007fefc6f5000 	C:\Windows\system32\mswsock.dll
0x000007fefc690000 - 0x000007fefc697000 	C:\Windows\System32\wship6.dll
0x000007fef95f0000 - 0x000007fef9617000 	C:\Windows\system32\IPHLPAPI.DLL
0x000007fef95e0000 - 0x000007fef95eb000 	C:\Windows\system32\WINNSI.DLL
0x000007fef9360000 - 0x000007fef9378000 	C:\Windows\system32\dhcpcsvc.DLL
0x000007fef9340000 - 0x000007fef9351000 	C:\Windows\system32\dhcpcsvc6.DLL
0x000000006fcc0000 - 0x000000006fcd1000 	C:\Program Files\Java\jdk1.8.0_05\jre\bin\nio.dll
0x000007fefa9d0000 - 0x000007fefa9da000 	C:\Temp\jansi-64-5307215833010914568.dll
0x0000000074990000 - 0x000000007499d000 	C:\Program Files\Java\jdk1.8.0_05\jre\bin\management.dll
0x000007fefc0c0000 - 0x000007fefc0c7000 	C:\Windows\System32\wshtcpip.dll
0x000007fefc520000 - 0x000007fefc57b000 	C:\Windows\system32\DNSAPI.dll
0x000007fef5580000 - 0x000007fef5588000 	C:\Windows\system32\rasadhlp.dll
0x000007fef93d0000 - 0x000007fef9423000 	C:\Windows\System32\fwpuclnt.dll
0x000007fefa7e0000 - 0x000007fefa7f5000 	C:\Windows\system32\NLAapi.dll
0x000007fefb040000 - 0x000007fefb055000 	C:\Windows\system32\napinsp.dll
0x000007fefad60000 - 0x000007fefad79000 	C:\Windows\system32\pnrpnsp.dll
0x000007fefad50000 - 0x000007fefad5b000 	C:\Windows\System32\winrnr.dll

VM Arguments:
jvm_args: -Dfile.encoding=UTF-8 -Xmx768M -Xms64M -Dgrails.fork.parent.process.port=50406 -Dgrails.fork.active=true -Dgrails.build.execution.context=C:\Temp\vic6206151799373491828grails-execution-context -Dgrails.home=D:\grails-2.5.5 -javaagent:D:\grails-2.5.5\lib\org.springframework\springloaded\jars\springloaded-1.2.5.RELEASE.jar -Xverify:none -Dspringloaded.synchronize=true -Djdk.reflect.allowGetCallerClass=true -Dspringloaded=profile=grails;cacheDir=C:\Users\user/.grails/2.5.5/ 
java_command: org.grails.plugins.tomcat.fork.ForkedTomcatServer
java_class_path (initial): C:\Program Files\Java\jdk1.8.0_05\lib\tools.jar;C:\Users\user\.m2\repository\org\codehaus\groovy\groovy-all\2.4.4\groovy-all-2.4.4.jar;D:\grails-2.5.5\lib\org.slf4j\jcl-over-slf4j\jars\jcl-over-slf4j-1.7.5.jar;D:\grails-2.5.5\lib\org.codehaus.gant\gant_groovy1.8\jars\gant_groovy1.8-1.9.6.jar;D:\grails-2.5.5\lib\org.apache.tomcat.embed\tomcat-embed-logging-log4j\jars\tomcat-embed-logging-log4j-7.0.70.jar;D:\grails-2.5.5\dist\grails-plugin-log4j-2.5.5.jar;D:\grails-2.5.5\lib\log4j\log4j\jars\log4j-1.2.17.jar;D:\grails-2.5.5\dist\grails-bootstrap-2.5.5.jar;D:\grails-2.5.5\lib\org.apache.ant\ant-launcher\jars\ant-launcher-1.9.4.jar;D:\grails-2.5.5\lib\org.apache.ant\ant-junit\jars\ant-junit-1.9.4.jar;D:\grails-2.5.5\lib\jline\jline\jars\jline-2.12.jar;D:\grails-2.5.5\lib\org.fusesource.jansi\jansi\jars\jansi-1.11.jar;D:\grails-2.5.5\lib\org.apache.ant\ant-trax\jars\ant-trax-1.7.1.jar;D:\grails-2.5.5\lib\org.apache.ivy\ivy\jars\ivy-2.3.0.jar;D:\grails-2.5.5\lib\org.slf4j\slf4j-api\jars\slf4j-api-1.7.5.jar;D:\grails-2.5.5\lib\org.apache.ant\ant\jars\ant-1.9.4.jar;C:\Users\user\.m2\repository\org\apache\tomcat\tomcat-catalina-ant\7.0.70\tomcat-catalina-ant-7.0.70.jar;C:\Users\user\.m2\repository\org\apache\tomcat\embed\tomcat-embed-jasper\7.0.70\tomcat-embed-jasper-7.0.70.jar;C:\Users\user\.m2\repository\org\apache\tomcat\embed\tomcat-embed-el\7.0.70\tomcat-embed-el-7.0.70.jar;D:\grails-2.5.5\lib\org.apache.tomcat.embed\tomcat-embed-logging-log4j\jars\tomcat-embed-logging-log4j-7.0.70.jar;C:\Users\user\.m2\repository\org\apache\tomcat\embed\tomcat-embed-websocket\7.0.70\tomcat-embed-websocket-7.0.70.jar;C:\Users\user\.m2\repository\org\apache\tomcat\embed\tomcat-embed-core\7.0.70\tomcat-embed-core-7.0.70.jar;C:\Users\user\.m2\repository\org\eclipse\jdt\core\compiler\ecj\3.7.2\ecj-3.7.2.jar;C:\Users\user\Desktop\vic\target\work\plugins\tomcat-7.0.70\grails-plugin-tomcat-7.0.70.jar;;D:\grails-2.5.5\lib\org.springframework\springloaded\jars\spring
Launcher Type: SUN_STANDARD

Environment Variables:
JAVA_HOME=C:\Program Files\Java\jdk1.8.0_05
PATH=D:\app\user\product\11.2.0\dbhome_1\bin;C:\Program Files (x86)\iis express\PHP\v5.4;C:\Windows\system32;C:\Windows;C:\Windows\System32\Wbem;C:\Windows\system;C:\Windows\System32\WindowsPowerShell\v1.0\;C:\Program Files\Intel\WiFi\bin\;C:\Program Files\Common Files\Intel\WirelessCommon\;C:\Program Files (x86)\Git\cmd;C:\Users\user\AppData\Roaming\Composer\vendor\bin;C:\Program Files (x86)\Windows Kits\8.1\Windows Performance Toolkit\;C:\Program Files\Microsoft SQL Server\110\Tools\Binn\;C:\Program Files\nodejs\A?;C:\Program Files (x86)\Skype\Phone\;C:\Program Files\Intel\WiFi\bin\;C:\Program Files\Common Files\Intel\WirelessCommon\;C:\Program Files\Java\jdk1.8.0_05\bin;C:\Python34;C:\Program Files (x86)\PICT;C:\Program Files\apache-maven-3.3.3\bin;C:\MinGW\bin;C:\Program Files\R\R-3.2.4revised\bin;C:\Program Files\MongoDB\Server\3.2\bin;D:\grails-2.5.5\bin
USERNAME=user
OS=Windows_NT
PROCESSOR_IDENTIFIER=Intel64 Family 6 Model 42 Stepping 7, GenuineIntel



---------------  S Y S T E M  ---------------

OS: Windows 7 , 64 bit Build 7601 Service Pack 1

CPU:total 4 (2 cores per cpu, 2 threads per core) family 6 model 42 stepping 7, cmov, cx8, fxsr, mmx, sse, sse2, sse3, ssse3, sse4.1, sse4.2, popcnt, avx, aes, clmul, ht, tsc, tscinvbit

Memory: 4k page, physical 4088764k(404400k free), swap 4086904k(4548k free)

vm_info: Java HotSpot(TM) 64-Bit Server VM (25.5-b02) for windows-amd64 JRE (1.8.0_05-b13), built on Mar 18 2014 01:08:39 by "java_re" with MS VC++ 10.0 (VS2010)

time: Thu Nov 10 15:47:19 2016
elapsed time: 2499 seconds

